<?xml version='1.0' encoding='UTF-8' ?>
<testsuite name="com.example.dogglers.VerticalListTests" tests="4" failures="0" errors="0" skipped="0" time="7.132" timestamp="2022-10-16T18:01:56" hostname="localhost">
  <properties>
    <property name="device" value="Redmi Note 9S - 12" />
    <property name="flavor" value="" />
    <property name="project" value=":app" />
  </properties>
  <testcase name="recycler_view_item_count" classname="com.example.dogglers.VerticalListTests" time="1.163" />
  <testcase name="vertical_scroll_content_at_last_position" classname="com.example.dogglers.VerticalListTests" time="0.965" />
  <testcase name="vertical_scrolling" classname="com.example.dogglers.VerticalListTests" time="0.993" />
  <testcase name="vertical_scroll_content_at_first_position" classname="com.example.dogglers.VerticalListTests" time="0.889" />
</testsuite>